./output3/Init-x1-i3_pp_87_merged-1.out 346 OPTIMUM 9.85696
./output3/Init-x1-i4_pp_80_merged-1.out 344 OPTIMUM 12.9389
./output3/Init-x1-i4_pp_92_merged-1.out 390 OPTIMUM 3.12081
./output3/Init-x2-i10_pp_100-1.out 2232 OPTIMUM 3.13459
./output3/Init-x2-i5_pp_93-1.out 750 OPTIMUM 59.0252
./output3/Init-x2-i8_pp_100-1.out 2252 OPTIMUM 1.8912
./output3/Init-x2-i9_pp_96-1.out 1406 SATISFIABLE 3600
./output3/SMTI_10000_5_0.85_3-1.out 132 OPTIMUM 109.244
./output3/SMTI_25000_5_0.95_7-1.out 336 OPTIMUM 864.433
./output3/SMTI_50000_3_0.95_1-1.out 14854 SATISFIABLE 3600
./output3/normalized-1037.cudf.trendy-1.out 51573 OPTIMUM 0.0187422
./output3/normalized-1077.cudf.paranoid-1.out NA UNSATISFIABLE 0.0201387
./output3/normalized-1094.cudf.trendy-1.out 25090 OPTIMUM 0.0200375
./output3/normalized-10:10:4.5:0.95:100-1.out 0 SATISFIABLE 3600
./output3/normalized-10:10:4.5:0.95:98-1.out 1 SATISFIABLE 3600
./output3/normalized-10:20:4.5:0.5:100-1.out 0 SATISFIABLE 3600
./output3/normalized-10:20:4.5:0.95:100-1.out 2 SATISFIABLE 3600
./output3/normalized-10:20:4.5:0.95:98-1.out 8 SATISFIABLE 3600
./output3/normalized-10_20-1.out 8034 OPTIMUM 0.0807322
./output3/normalized-11_22-1.out 8908 OPTIMUM 1.48532
./output3/normalized-1336.cudf.paranoid-1.out NA UNSATISFIABLE 0.110822
./output3/normalized-1468.cudf.trendy-1.out 5 OPTIMUM 246.87
./output3/normalized-30:30:4.5:0.95:100-1.out 290 SATISFIABLE 3600
./output3/normalized-30:30:4.5:0.95:98-1.out 362 SATISFIABLE 3600
./output3/normalized-30:70:4.5:0.5:100-1.out 1345 SATISFIABLE 3600.03
./output3/normalized-30:70:4.5:0.95:100-1.out 1228 SATISFIABLE 3600.01
./output3/normalized-30:70:4.5:0.95:98-1.out 1238 SATISFIABLE 3600
./output3/normalized-50-250-false-45-90-4-10000opt-1.out -164 OPTIMUM 53.2642
./output3/normalized-50-250-false-45-90-4-1000opt-1.out -178 OPTIMUM 20.9248
./output3/normalized-50-250-false-45-90-4-2000opt-1.out -167 OPTIMUM 94.2878
./output3/normalized-50-250-false-45-90-4-3000opt-1.out -187 OPTIMUM 87.0621
./output3/normalized-50-250-false-45-90-4-4000opt-1.out -164 OPTIMUM 119.491
./output3/normalized-50-250-false-45-90-4-5000opt-1.out -169 OPTIMUM 39.3839
./output3/normalized-50-250-false-45-90-4-7000opt-1.out -172 OPTIMUM 55.8606
./output3/normalized-50-750-false-45-90-4-4000opt-1.out -82 OPTIMUM 17.5001
./output3/normalized-50-750-false-45-90-4-5000opt-1.out -70 OPTIMUM 19.3415
./output3/normalized-50-750-false-45-90-4-7000opt-1.out -68 OPTIMUM 26.961
./output3/normalized-519.cudf.trendy-1.out NA UNSATISFIABLE 0.0919096
./output3/normalized-522.cudf.paranoid-1.out NA UNSATISFIABLE 0.0903756
./output3/normalized-581.cudf.paranoid-1.out NA UNSATISFIABLE 0.0818676
./output3/normalized-5_10-1.out 3951 OPTIMUM 0.0050717
./output3/normalized-658.cudf.trendy-1.out NA UNSATISFIABLE 0.00624086
./output3/normalized-6_12-1.out 5867 OPTIMUM 0.0212744
./output3/normalized-787.cudf.trendy-1.out 14 OPTIMUM 0.00320376
./output3/normalized-7_14-1.out 5148 OPTIMUM 0.0259021
./output3/normalized-8_16-1.out 5852 OPTIMUM 0.123348
./output3/normalized-BA_RDC4.dot_fibo_50null0mast_rapportOE1.0_TMAX300_K67_cod2_pbEq1_newVersion_binary-1.out -206555 SATISFIABLE 3600.03
./output3/normalized-BA_RDC4.dot_fibo_50null0mast_rapportOE2.0_TMAX15_K67_cod3-1.out -7752 OPTIMUM 308.995
./output3/normalized-BA_RDC4.dot_luby_0null50mast_rapportOE1.0_TMAX60_K67_cod3-1.out -2592 OPTIMUM 2405.9
./output3/normalized-BA_RDC4.dot_luby_20null20mast_rapportOE2.0_TMAX15_K67_cod2_pbEq1_newVersion_product-1.out -100 OPTIMUM 244.265
./output3/normalized-BA_RDC4.dot_unif_10null0mast_rapportOE2.0_TMAX60_K67_cod2_pbEq1_newVersion-1.out -20111 SATISFIABLE 3600.01
./output3/normalized-BA_RDC4.dot_unif_10null10mast_rapportOE1.0_TMAX120_K67_cod1-1.out -20992 SATISFIABLE 3600.08
./output3/normalized-BA_RDC4.dot_unif_20null10mast_rapportOE1.0_TMAX15_K67_cod2_pbEq1_newVersion_ladder-1.out -5433 OPTIMUM 199.708
./output3/normalized-BA_RDC4.dot_unif_20null10mast_rapportOE1.0_TMAX15_K67_cod3-1.out -4036 OPTIMUM 902.739
./output3/normalized-BA_RDC4.dot_unif_20null10mast_rapportOE2.0_TMAX180_K67_cod2_pbEq1_newVersion_product-1.out -41821 SATISFIABLE 3600
./output3/normalized-BA_RDC4.dot_unif_50null20mast_rapportOE2.0_TMAX300_K67_cod1-1.out -10650 SATISFIABLE 3600.12
./output3/normalized-Generated_notes_20140709_1000_0.05-000-1.out -6475 SATISFIABLE 3600.35
./output3/normalized-Generated_notes_20140709_1000_0.10-021-1.out -6398 SATISFIABLE 3600
./output3/normalized-KE_140_005-1.out -3559 OPTIMUM 2942.67
./output3/normalized-KE_250_005-1.out -4811 SATISFIABLE 3600
./output3/normalized-KE_300_003-1.out -5978 SATISFIABLE 3600
./output3/normalized-KE_340_006-1.out -5014 SATISFIABLE 3600
./output3/normalized-KE_400_008-1.out -4684 SATISFIABLE 3600
./output3/normalized-KE_410_004-1.out -4920 SATISFIABLE 3612.38
./output3/normalized-KE_630_002-1.out -5186 SATISFIABLE 3600.04
./output3/normalized-KE_690_001-1.out -3730 SATISFIABLE 3600.02
./output3/normalized-NG.dot_fibo_0null50mast_rapportOE2.0_TMAX180_K192_cod2-1.out NA UNKNOWN 45254
./output3/normalized-NG.dot_fibo_10null0mast_rapportOE1.0_TMAX180_K192_cod2-1.out NA UNKNOWN 50984.1
./output3/normalized-NG.dot_fibo_10null50mast_rapportOE2.0_TMAX15_K192_cod1-1.out 0 SATISFIABLE 3600
./output3/normalized-NG.dot_fibo_20null10mast_rapportOE1.0_TMAX180_K192_cod1-1.out -69790 SATISFIABLE 3600.23
./output3/normalized-NG.dot_fibo_20null20mast_rapportOE2.0_TMAX60_K192_cod2-1.out NA UNKNOWN 48028.3
./output3/normalized-NG.dot_fibo_50null0mast_rapportOE2.0_TMAX300_K192_cod1-1.out -48706 SATISFIABLE 3601.3
./output3/normalized-NG.dot_luby_20null50mast_rapportOE2.0_TMAX60_K192_cod2-1.out NA UNKNOWN 45679
./output3/normalized-NG.dot_unif_0null10mast_rapportOE1.0_TMAX15_K192_cod1-1.out -1805 SATISFIABLE 3600
./output3/normalized-NG.dot_unif_50null10mast_rapportOE2.0_TMAX180_K192_cod1-1.out -11803 SATISFIABLE 3600.55
./output3/normalized-NG.dot_unif_50null10mast_rapportOE2.0_TMAX180_K192_cod2-1.out NA UNKNOWN 48233.2
./output3/normalized-OGR_12-1.out 95 SATISFIABLE 3600
./output3/normalized-OGR_14-1.out 146 SATISFIABLE 3600
./output3/normalized-OGR_17-1.out 256 SATISFIABLE 3600
./output3/normalized-OGR_18-1.out 385 SATISFIABLE 3600
./output3/normalized-OGR_5-1.out 11 OPTIMUM 0.00770671
./output3/normalized-OGR_7-1.out 25 OPTIMUM 0.683876
./output3/normalized-acc-tight5-1.out 0 OPTIMUM 0.403603
./output3/normalized-addm4.r-1.out 172 SATISFIABLE 3600
./output3/normalized-aim-200-2_0-yes1-2-1.out 200 OPTIMUM 0.0178553
./output3/normalized-aim-200-3_4-yes1-2-1.out 200 OPTIMUM 0.019507
./output3/normalized-aim-200-3_4-yes1-3-1.out 200 OPTIMUM 0.0187726
./output3/normalized-aim-50-2_0-yes1-4-1.out 50 OPTIMUM 0.0021797
./output3/normalized-aries-da_network_1000_5__369_766__64-1.out 7591568 SATISFIABLE 3600
./output3/normalized-aries-da_network_100_3__3_91__8-1.out 70998 OPTIMUM 2112.51
./output3/normalized-aries-da_network_2000_5__647_1792__512-1.out NA UNKNOWN 6233.23
./output3/normalized-aries-da_network_20_2__17_12__128-1.out 46877 OPTIMUM 5.32557
./output3/normalized-aries-da_network_20_2__17_12__256-1.out 46877 OPTIMUM 14.3183
./output3/normalized-aries-da_network_20_2__17_12__512-1.out 46877 OPTIMUM 71.2111
./output3/normalized-aries-da_network_20_2__17_12__64-1.out 46877 OPTIMUM 2.40561
./output3/normalized-aries-da_network_3000_5__126_2812-1.out 29656605 SATISFIABLE 3600.02
./output3/normalized-aries-da_network_500_3__212_366__32-1.out 10186792 SATISFIABLE 3600
./output3/normalized-aries-da_network_50_2__8_45__8-1.out 45008 OPTIMUM 21.8092
./output3/normalized-aug4.5-1.out NA UNKNOWN 3600
./output3/normalized-aug5.5-1.out 123 SATISFIABLE 3600
./output3/normalized-aug6.5-1.out 55 SATISFIABLE 3600
./output3/normalized-autocorr_bern30-04.lin-1.out -81 SATISFIABLE 3600
./output3/normalized-autocorr_bern35-09.lin-1.out -1211 SATISFIABLE 3600
./output3/normalized-autocorr_bern50-06.lin-1.out -266 SATISFIABLE 3600
./output3/normalized-bench1.r-1.out 126 SATISFIABLE 3600
./output3/normalized-bogr_11-1.out 76 SATISFIABLE 3600
./output3/normalized-bogr_14-1.out 146 SATISFIABLE 3600
./output3/normalized-bogr_5-1.out 11 OPTIMUM 0.00341585
./output3/normalized-bogr_6-1.out 17 OPTIMUM 0.0267255
./output3/normalized-cc-1.out 1567 OPTIMUM 0.963003
./output3/normalized-circ10-3-1.out 292 SATISFIABLE 3600
./output3/normalized-circ10_3-1.out 290 SATISFIABLE 3600
./output3/normalized-circ4_3-1.out 20 OPTIMUM 0.0794929
./output3/normalized-circ6_3-1.out 64 SATISFIABLE 3600
./output3/normalized-circ8_3-1.out 146 SATISFIABLE 3600
./output3/normalized-clique-coloring-max-clique-n=11-t=5-1.out 6 SATISFIABLE 3600
./output3/normalized-clique-coloring-max-clique-n=13-t=11-1.out 2 SATISFIABLE 3600
./output3/normalized-clique-coloring-max-clique-n=14-t=9-1.out 5 SATISFIABLE 3600
./output3/normalized-clique-coloring-max-clique-n=19-t=2-1.out 17 SATISFIABLE 3600
./output3/normalized-clique-coloring-max-clique-n=20-t=2-1.out 18 SATISFIABLE 3600
./output3/normalized-clique-coloring-max-clique-n=24-t=2-1.out 22 SATISFIABLE 3600.03
./output3/normalized-clique-coloring-max-clique-n=5-t=3-1.out 2 OPTIMUM 0.0407044
./output3/normalized-clique-coloring-max-clique-n=6-t=4-1.out 2 OPTIMUM 0.714322
./output3/normalized-clique-coloring-max-clique-n=8-t=6-1.out 2 OPTIMUM 12.4133
./output3/normalized-clique-coloring-max-clique-n=9-t=5-1.out 4 SATISFIABLE 3600
./output3/normalized-codebreaker.cudf.trendy-1.out 3577362783187 OPTIMUM 2483.49
./output3/normalized-comppebphp_opt_pyrheightequalsnholes_34-1.out 630 OPTIMUM 675.63
./output3/normalized-comppebphp_opt_pyrheightequalsnholes_50-1.out NA UNKNOWN 5731.23
./output3/normalized-comppebphp_opt_pyrheightequalsnholes_54-1.out NA UNKNOWN 9895.66
./output3/normalized-data10_3-1.out 67188 SATISFIABLE 3600
./output3/normalized-data4_3-1.out 8276 OPTIMUM 0.0811789
./output3/normalized-data6_3-1.out 23916 SATISFIABLE 3600
./output3/normalized-data8_3-1.out 42901 SATISFIABLE 3600
./output3/normalized-domset_opt_hexgrid_nrowsdiv30add5_ncols_080-1.out 146 SATISFIABLE 3600
./output3/normalized-domset_opt_hexgrid_nrowsdiv30add5_ncols_340-1.out 1689 SATISFIABLE 3600.02
./output3/normalized-domset_opt_hexgrid_nrowsdiv30add5_ncols_460-1.out 2882 SATISFIABLE 3600.16
./output3/normalized-domset_v500_e2000_w30_mw19_10.opb.PB06-1.out 199 SATISFIABLE 3600
./output3/normalized-domset_v500_e2000_w30_mw19_11.opb.PB06-1.out 192 SATISFIABLE 3600
./output3/normalized-domset_v500_e2000_w30_mw19_12.opb.PB06-1.out 196 SATISFIABLE 3600
./output3/normalized-domset_v500_e2000_w30_mw19_13.opb.PB06-1.out 203 SATISFIABLE 3600
./output3/normalized-domset_v500_e2000_w30_mw19_16.opb.PB06-1.out 202 SATISFIABLE 3600
./output3/normalized-domset_v500_e2000_w30_mw19_19.opb.PB06-1.out 191 SATISFIABLE 3600
./output3/normalized-domset_v500_e2000_w30_mw19_20.opb.PB06-1.out 197 SATISFIABLE 3600
./output3/normalized-domset_v500_e2000_w30_mw19_21.opb.PB06-1.out 201 SATISFIABLE 3600
./output3/normalized-domset_v500_e2000_w30_mw19_22.opb.PB06-1.out 196 SATISFIABLE 3600
./output3/normalized-domset_v500_e2000_w30_mw19_23.opb.PB06-1.out 200 SATISFIABLE 3600
./output3/normalized-evencolouring_opt_linear_random6regular_nvert_051-1.out 1 OPTIMUM 2.98024
./output3/normalized-evencolouring_opt_linear_random6regular_nvert_401-1.out 1 OPTIMUM 23.8664
./output3/normalized-evencolouring_opt_unit_random6regular_nvert_751-1.out 1 SATISFIABLE 3600
./output3/normalized-evencolouring_opt_unit_random6regular_nvert_851-1.out 1 SATISFIABLE 3600
./output3/normalized-ex1010-pi-1.out 622 SATISFIABLE 3600.04
./output3/normalized-ex1010.pi-1.out 605 SATISFIABLE 3600.06
./output3/normalized-exam.pi-1.out 63 SATISFIABLE 3600
./output3/normalized-f20c10b_001_area_delay-1.out 28 OPTIMUM 3378.79
./output3/normalized-f20c10b_010_area_delay-1.out 28 SATISFIABLE 3600.01
./output3/normalized-f20c10b_019_area_delay-1.out 24 OPTIMUM 447.666
./output3/normalized-f20c10b_023_area_delay-1.out 22 OPTIMUM 1038.45
./output3/normalized-f20c10b_025_area_delay-1.out 25 OPTIMUM 3062.55
./output3/normalized-f20c10b_026_area_delay-1.out 28 OPTIMUM 1630.27
./output3/normalized-faclay60.lin-1.out 2373079 SATISFIABLE 3600
./output3/normalized-factor-size=9-P=149-Q=487-1.out 149 OPTIMUM 0.0131207
./output3/normalized-factor-size=9-P=269-Q=359-1.out 269 OPTIMUM 0.0228025
./output3/normalized-factor-size=9-P=397-Q=449-1.out 397 OPTIMUM 0.0171013
./output3/normalized-factor-size=9-P=41-Q=347-1.out 41 OPTIMUM 0.00428392
./output3/normalized-factor-size=9-P=47-Q=197-1.out 47 OPTIMUM 0.0225582
./output3/normalized-factor-sizeN=20-sizeP=11-sizeQ=20-900543-max-1.out -1281 OPTIMUM 0.684609
./output3/normalized-factor-sizeN=260-sizeP=131-sizeQ=260-581480794-max-1.out -2 SATISFIABLE 3600
./output3/normalized-factor-sizeN=300-sizeP=151-sizeQ=300-346995195-1.out NA UNKNOWN 3600.16
./output3/normalized-factor-sizeN=300-sizeP=151-sizeQ=300-692949159-max-1.out NA UNKNOWN 3600.05
./output3/normalized-factor-sizeN=480-sizeP=241-sizeQ=480-896328136-max-1.out NA UNKNOWN 3600.02
./output3/normalized-fir01_trarea_ac-1.out 13949 OPTIMUM 0.0361427
./output3/normalized-fir02_trarea_ac-1.out 24890 OPTIMUM 3.17854
./output3/normalized-fir03_trarea_ac-1.out 23978 OPTIMUM 29.0328
./output3/normalized-fir04_area_opers-1.out 29 OPTIMUM 0.454926
./output3/normalized-fir04_trarea_ac-1.out 41202 OPTIMUM 129.726
./output3/normalized-fir05_area_partials-1.out 36 OPTIMUM 0.0635458
./output3/normalized-fir05_trarea_ac-1.out 47342 OPTIMUM 80.4888
./output3/normalized-fir06_area_opers-1.out 23 OPTIMUM 124.198
./output3/normalized-fir06_trarea_ac-1.out 35675 SATISFIABLE 3600
./output3/normalized-fir07_trarea_ac-1.out 50162 OPTIMUM 2611.28
./output3/normalized-fir08_area_delay-1.out 164 SATISFIABLE 3600
./output3/normalized-fir08_trarea_ac-1.out 655654 SATISFIABLE 3600
./output3/normalized-fir09_trarea_ac-1.out 61520 SATISFIABLE 3600.01
./output3/normalized-fir10_trarea_ac-1.out 685004 SATISFIABLE 3600
./output3/normalized-fout.r-1.out 38 OPTIMUM 31.6657
./output3/normalized-frb30-15-1-1.out -28 SATISFIABLE 3600
./output3/normalized-frb30-15-5-1.out -25 SATISFIABLE 3600
./output3/normalized-frb35-17-1-1.out -29 SATISFIABLE 3600
./output3/normalized-frb40-19-1-1.out -34 SATISFIABLE 3600
./output3/normalized-frb40-19-2-1.out -32 SATISFIABLE 3600
./output3/normalized-frb45-21-1-1.out -34 SATISFIABLE 3602.59
./output3/normalized-frb50-23-3-1.out -35 SATISFIABLE 3600
./output3/normalized-frb53-24-1-1.out -33 SATISFIABLE 3600
./output3/normalized-frb53-24-2-1.out -33 SATISFIABLE 3602.66
./output3/normalized-frb59-26-2-1.out -28 SATISFIABLE 3600
./output3/normalized-fx30-1.out NA UNKNOWN 3600
./output3/normalized-fx49-1.out NA UNKNOWN 3600
./output3/normalized-fx57-1.out 6 OPTIMUM 0.502705
./output3/normalized-fx60-1.out 6 OPTIMUM 1.74724
./output3/normalized-fx63-1.out NA UNKNOWN 3600
./output3/normalized-fx75-1.out NA UNKNOWN 3601.38
./output3/normalized-fx84-1.out 8 OPTIMUM 3.0973
./output3/normalized-fx92-1.out 9 OPTIMUM 5.2884
./output3/normalized-fx97-1.out NA UNKNOWN 3603.58
./output3/normalized-g100x100-1.out 2877 SATISFIABLE 3600.02
./output3/normalized-g15x15-1.out 55 SATISFIABLE 3600
./output3/normalized-g2x2-1.out 2 OPTIMUM 0.000705727
./output3/normalized-g4x4-1.out 4 OPTIMUM 0.000713629
./output3/normalized-g7x7-1.out 12 OPTIMUM 0.0296486
./output3/normalized-g9x3-1.out 7 OPTIMUM 0.00147505
./output3/normalized-g9x9-1.out 20 OPTIMUM 24.6994
./output3/normalized-go19-1.out 87 SATISFIABLE 3600
./output3/normalized-gpc-4.1.cudf.trendy-1.out 2705390294033 OPTIMUM 3474.98
./output3/normalized-graph20-20-1rand-1.out -9 SATISFIABLE 3600
./output3/normalized-graphpart_2g-0044-1601.lin-1.out -954077 OPTIMUM 0.709635
./output3/normalized-graphpart_2pm-0066-0066.lin-1.out -29 OPTIMUM 1698.52
./output3/normalized-graphpart_3pm-0334-0334.lin-1.out -34 SATISFIABLE 3600
./output3/normalized-graphpart_clique-50.lin-1.out 2312 SATISFIABLE 3600
./output3/normalized-hal-cups-utils.cudf.paranoid-1.out 141814 OPTIMUM 843.239
./output3/normalized-hw128-vm25p-opt.opb.negationfix-1.out 27 SATISFIABLE 3600.01
./output3/normalized-hw128-vm75p-opt.opb.negationfix-1.out 96 SATISFIABLE 3600
./output3/normalized-hw128-vm98p-opt.opb.negationfix-1.out NA UNKNOWN 3600.02
./output3/normalized-hw128-vm99p-opt.opb.negationfix-1.out NA UNKNOWN 3600
./output3/normalized-hw32-vm50p-opt.opb.negationfix-1.out 16 SATISFIABLE 3600
./output3/normalized-hw32-vm75p-opt.opb.negationfix-1.out 24 OPTIMUM 501.732
./output3/normalized-hw32-vm99p-opt.opb.negationfix-1.out NA UNKNOWN 3600
./output3/normalized-hw64-vm25p-opt.opb.negationfix-1.out 13 OPTIMUM 1.06687
./output3/normalized-hw64-vm75p-opt.opb.negationfix-1.out 48 SATISFIABLE 3600
./output3/normalized-hw64-vm98p-opt.opb.negationfix-1.out 63 OPTIMUM 285.156
./output3/normalized-ii16a2-1.out 1164 SATISFIABLE 3600
./output3/normalized-ii16d1-1.out 915 SATISFIABLE 3600
./output3/normalized-ii32c3-1.out 261 OPTIMUM 108.492
./output3/normalized-ii32e4-1.out 364 OPTIMUM 50.1889
./output3/normalized-iis-glass-cov-1.out 23 SATISFIABLE 3600.17
./output3/normalized-injcomp_opt_3layers_maxall_lastlayerdecr1_size_50-1.out -98 SATISFIABLE 3644.29
./output3/normalized-injcomp_opt_3layers_maxfirst_lastlayerdiv2_size_31-1.out -15 SATISFIABLE 3600
./output3/normalized-injcomp_opt_4layers_maxall_lastlayerdiv2_size_16-1.out -32 SATISFIABLE 3600.07
./output3/normalized-j12023_6.std-1.out 106 OPTIMUM 4.7882
./output3/normalized-j12039_5.std-1.out 106 OPTIMUM 5.67123
./output3/normalized-j12051_4.std-1.out 221 SATISFIABLE 3600
./output3/normalized-j1207_5.std-1.out 136 SATISFIABLE 3600
./output3/normalized-j302_9.std-1.out 54 OPTIMUM 0.76155
./output3/normalized-j6033_9.std-1.out 108 OPTIMUM 2.3902
./output3/normalized-j609_2.std-1.out 82 OPTIMUM 146.319
./output3/normalized-j9018_7.std-1.out 73 OPTIMUM 4.2628
./output3/normalized-j9021_10.std-1.out 109 OPTIMUM 1044.25
./output3/normalized-j909_1.std-1.out 107 SATISFIABLE 3600
./output3/normalized-jul5.5-1.out 189 OPTIMUM 6.15827
./output3/normalized-jun5.5-1.out 145 OPTIMUM 189.837
./output3/normalized-kjumpingcube.cudf.paranoid-1.out 141778 OPTIMUM 843.722
./output3/normalized-knapPI_14_50_1000_5_-3237-1.out -5737 OPTIMUM 0.568587
./output3/normalized-knapPI_15_20_1000_2_-948-1.out -318 OPTIMUM 0.00467922
./output3/normalized-knapPI_15_50_1000_5_-1047-1.out -354 OPTIMUM 0.0472965
./output3/normalized-knapPI_1_2000_1000_1_-110625-1.out -110625 OPTIMUM 1714.48
./output3/normalized-knapPI_1_50_1000_4_-4888-1.out -12104 OPTIMUM 0.0950352
./output3/normalized-knapPI_4_50_1000_1_-994-1.out -994 OPTIMUM 0.00541044
./output3/normalized-knapPI_5_2000_10000_5_-952740-1.out -620760 SATISFIABLE 3600.01
./output3/normalized-knapPI_6_2000_1000_4_-39215-1.out -39215 OPTIMUM 0.682874
./output3/normalized-knapPI_6_200_10000_5_-48992-1.out -48992 OPTIMUM 0.0449586
./output3/normalized-knapPI_6_5000_10000_1_-246112-1.out -246112 OPTIMUM 0.638926
./output3/normalized-libnkf-perl.cudf.trendy-1.out 3498852592796 SATISFIABLE 3600.02
./output3/normalized-libnspr4-dev.cudf.trendy-1.out 3656703476375 OPTIMUM 2894.9
./output3/normalized-libpango-perl.cudf.paranoid-1.out 176205 OPTIMUM 1006.19
./output3/normalized-libpango-perl.cudf.trendy-1.out 3257947532514 SATISFIABLE 3600.04
./output3/normalized-libtemplate-provider-encoding-perl.cudf.trendy-1.out 3264606287129 SATISFIABLE 3600.02
./output3/normalized-linearized_pebbling_opt_layeredfan_up_r11_c22_a6-1.out 1419 SATISFIABLE 3600
./output3/normalized-linearized_pebbling_opt_layeredfan_up_r24_c47_a5-1.out 6924 SATISFIABLE 3600
./output3/normalized-linearized_pebbling_opt_layeredfan_up_r33_c65_a6-1.out 12675 SATISFIABLE 3600
./output3/normalized-lo_10x10_003.opb.metafix-1.out 50 OPTIMUM 0.00242267
./output3/normalized-lo_10x10_006.opb.metafix-1.out 40 OPTIMUM 0.00204536
./output3/normalized-lo_12x12_001.opb.metafix-1.out 70 OPTIMUM 0.00468443
./output3/normalized-lo_12x12_004.opb.metafix-1.out 61 OPTIMUM 0.00456362
./output3/normalized-lo_12x12_009.opb.metafix-1.out 70 OPTIMUM 0.00525069
./output3/normalized-lo_14x14_000.opb.metafix-1.out 95 OPTIMUM 0.154048
./output3/normalized-lo_16x16_001.opb.metafix-1.out 125 OPTIMUM 0.0365947
./output3/normalized-lo_6x6_001.opb.metafix-1.out 17 OPTIMUM 0.000825021
./output3/normalized-lo_6x6_003.opb.metafix-1.out 19 OPTIMUM 0.000809404
./output3/normalized-lo_8x8_006.opb.metafix-1.out 37 OPTIMUM 0.0010675
./output3/normalized-lp4l-1.out 2998 SATISFIABLE 3600
./output3/normalized-m4.r-1.out 90 SATISFIABLE 3600
./output3/normalized-m50_100_70_70.r-1.out 2 OPTIMUM 0.00367786
./output3/normalized-maincont.r-1.out 7 OPTIMUM 0.00532052
./output3/normalized-market-split_4_30_2-1.out NA UNSATISFIABLE 110.635
./output3/normalized-market-split_5_40_2-1.out NA UNKNOWN 3600
./output3/normalized-market-split_8_70_3-1.out NA UNKNOWN 3600
./output3/normalized-market-split_8_70_4-1.out NA UNKNOWN 3600
./output3/normalized-matrix_5x3_1-1.out 26 SATISFIABLE 3600
./output3/normalized-matrix_5x3_10-1.out 24 SATISFIABLE 3600.01
./output3/normalized-matrix_5x3_2-1.out 22 SATISFIABLE 3600
./output3/normalized-matrix_5x3_3-1.out 22 SATISFIABLE 3600
./output3/normalized-matrix_5x3_4-1.out NA UNKNOWN 3600.01
./output3/normalized-matrix_5x3_5-1.out 21 SATISFIABLE 3600
./output3/normalized-matrix_5x3_6-1.out 21 SATISFIABLE 3600
./output3/normalized-matrix_5x3_7-1.out 22 SATISFIABLE 3600
./output3/normalized-matrix_5x3_8-1.out 18 SATISFIABLE 3600
./output3/normalized-matrix_5x3_9-1.out 24 SATISFIABLE 3600
./output3/normalized-maxcut_opt_complete_5-partite_block_nvert_55-1.out -726 SATISFIABLE 3600
./output3/normalized-maxcut_opt_complete_5-partite_inlv_nvert_27-1.out -180 OPTIMUM 418.237
./output3/normalized-maxcut_opt_complete_6-partite_block_nvert_72-1.out -1272 SATISFIABLE 3600
./output3/normalized-maxcut_opt_complete_6-partite_inlv_nvert_66-1.out -927 SATISFIABLE 3600
./output3/normalized-may6.5-1.out 43 OPTIMUM 12.3325
./output3/normalized-minisat100_16_6_0_ic-1.out NA UNKNOWN 5553.76
./output3/normalized-minisat100_16_6_1_ic-1.out NA UNKNOWN 5585.3
./output3/normalized-minisat100_16_6_2_ic-1.out NA UNKNOWN 5584.23
./output3/normalized-minisat100_16_6_2_mh-1.out NA UNKNOWN NA
./output3/normalized-minisat100_16_6_3_mh-1.out NA UNKNOWN NA
./output3/normalized-minisat100_16_6_5_ic-1.out NA UNKNOWN 5426.85
./output3/normalized-minisat100_16_6_5_mh-1.out NA UNKNOWN NA
./output3/normalized-minisat100_16_6_7_ic-1.out NA UNKNOWN 5429.81
./output3/normalized-minisat100_16_6_8_mh-1.out NA UNKNOWN NA
./output3/normalized-minisat100_16_6_9_ic-1.out NA UNKNOWN 5415.1
./output3/normalized-minisat100_4_32_1-1.out 7591913 SATISFIABLE 3600
./output3/normalized-minisat100_4_32_5-1.out 6710957 SATISFIABLE 3600
./output3/normalized-minisat100_4_32_8-1.out 5619399 SATISFIABLE 3600
./output3/normalized-minisat15_5_3_3_ic-1.out 5900212 OPTIMUM 10.7063
./output3/normalized-minisat15_5_3_4_mh-1.out 3608846 OPTIMUM 61.6896
./output3/normalized-minisat15_5_3_5_ic-1.out 2624620 OPTIMUM 3.31353
./output3/normalized-minisat25_6_3_5_ic-1.out NA UNSATISFIABLE 1444.88
./output3/normalized-minisat25_6_4_1_mh-1.out 3377210 SATISFIABLE 3600.01
./output3/normalized-minisat25_6_4_3_mh-1.out 5113526 SATISFIABLE 3600
./output3/normalized-minisat25_6_4_8_mh-1.out 7262269 SATISFIABLE 3600
./output3/normalized-minisat35_4_11_1_mh_ic-1.out 17591715 SATISFIABLE 3600
./output3/normalized-minisat35_4_11_5_mh_ic-1.out 20674303 SATISFIABLE 3600.01
./output3/normalized-minisat50_4_16_1_mh_ic-1.out NA UNKNOWN 25060.9
./output3/normalized-minisat50_4_16_2_mh_ic-1.out NA UNKNOWN 25236.3
./output3/normalized-minisat50_4_16_4-1.out 3971977 OPTIMUM 3027.29
./output3/normalized-minisat50_4_16_5-1.out 5114519 OPTIMUM 1884.01
./output3/normalized-minisat50_6_9_0_mh-1.out NA UNKNOWN 23123.2
./output3/normalized-minisat50_6_9_2_mh-1.out NA UNKNOWN 23226.8
./output3/normalized-minisat50_6_9_3_ic-1.out 24985527 SATISFIABLE 3600
./output3/normalized-minisat50_6_9_3_mh-1.out NA UNKNOWN 22642.3
./output3/normalized-minisat50_6_9_5_ic-1.out 29273787 SATISFIABLE 3600.01
./output3/normalized-minisat50_6_9_5_mh-1.out NA UNKNOWN 23476.7
./output3/normalized-minisat50_6_9_8_mh-1.out NA UNKNOWN 23211.7
./output3/normalized-minisat50_6_9_9_ic-1.out 35384263 SATISFIABLE 3600
./output3/normalized-minisat50_6_9_9_mh-1.out NA UNKNOWN 22690.1
./output3/normalized-minisat70_4_22_3-1.out 4005967 SATISFIABLE 3600.02
./output3/normalized-minisat70_4_22_4-1.out 3554453 SATISFIABLE 3600.01
./output3/normalized-minisat70_4_22_5-1.out 4476995 SATISFIABLE 3600
./output3/normalized-minisat85_4_27_0-1.out 5383113 SATISFIABLE 3600
./output3/normalized-minisat85_4_27_4-1.out 5462109 SATISFIABLE 3600
./output3/normalized-mps-v2-20-10-UMTS-1.out 34566748 SATISFIABLE 3600.01
./output3/normalized-mps-v2-20-10-bg512142-1.out 49111944606985 SATISFIABLE 3600
./output3/normalized-mps-v2-20-10-blp-ir98-1.out NA UNKNOWN 3600.09
./output3/normalized-mps-v2-20-10-core4284-1064-1.out 4764 SATISFIABLE 3600
./output3/normalized-mps-v2-20-10-dolom1-1.out 60777224352805888 SATISFIABLE 3600.08
./output3/normalized-mps-v2-20-10-ganges-1.out NA UNSATISFIABLE 0.189468
./output3/normalized-mps-v2-20-10-lseu-1.out 1120 OPTIMUM 3.45286
./output3/normalized-mps-v2-20-10-maros-1.out 344750 OPTIMUM 0.0386548
./output3/normalized-mps-v2-20-10-mod008-1.out 307 OPTIMUM 144.898
./output3/normalized-mps-v2-20-10-nazareth-1.out -1073741823 OPTIMUM 0.00111931
./output3/normalized-mps-v2-20-10-nsrand_ipx-1.out 1180728320 SATISFIABLE 3600
./output3/normalized-mps-v2-20-10-nw04-1.out NA UNKNOWN 25417.6
./output3/normalized-mps-v2-20-10-p0548-1.out 8725 SATISFIABLE 3600
./output3/normalized-mps-v2-20-10-railway_8_1_0-1.out 409600 OPTIMUM 1243.04
./output3/normalized-mps-v2-20-10-ran10x26-1.out 5740544 SATISFIABLE 3600
./output3/normalized-mps-v2-20-10-ran14x18-1.out 6466848 SATISFIABLE 3600.01
./output3/normalized-mps-v2-20-10-sctap3-1.out 5130705396 SATISFIABLE 3600.05
./output3/normalized-mps-v2-20-10-seymour1-1.out 713912 SATISFIABLE 3600
./output3/normalized-mps-v2-20-10-siena1-1.out 81918403111315456 SATISFIABLE 3600
./output3/normalized-mps-v2-20-10-sp98ic-1.out 3498148367 SATISFIABLE 3600
./output3/normalized-mps-v2-20-10-standgub-1.out 7478147 SATISFIABLE 3600
./output3/normalized-mps-v2-20-10-testprob-1.out 9663726592 OPTIMUM 0.00090621
./output3/normalized-mps-v2-20-10-usAbbrv.8.25_70-1.out 123904 SATISFIABLE 3600
./output3/normalized-mspp16-1.out 33 OPTIMUM 96.7357
./output3/normalized-mul_8_11_shg-1.out 380 SATISFIABLE 3600.2
./output3/normalized-mul_8_13_shg-1.out 390 SATISFIABLE 3600.06
./output3/normalized-mul_8_14_shg-1.out 262 SATISFIABLE 3600.02
./output3/normalized-mul_8_3_shg-1.out 36 SATISFIABLE 3600
./output3/normalized-mul_8_9_shg-1.out 48 SATISFIABLE 3600.04
./output3/normalized-mult_diagcomm_opt_greater_teq_nbits_08-1.out 0 OPTIMUM 63.2072
./output3/normalized-mult_diagcomm_opt_greater_teq_nbits_10-1.out 0 SATISFIABLE 3600
./output3/normalized-mult_diagcomm_opt_greater_teq_nbits_18-1.out 0 SATISFIABLE 3600
./output3/normalized-mult_diagcomm_opt_greater_teq_nbits_21-1.out 0 SATISFIABLE 3600
./output3/normalized-mult_diagcomm_opt_greater_teq_nbits_22-1.out 0 SATISFIABLE 3600
./output3/normalized-mult_diagcomm_opt_greater_teq_nbits_40-1.out 0 SATISFIABLE 3600
./output3/normalized-mult_diagcomm_opt_less_teq_nbits_15-1.out 0 SATISFIABLE 3600
./output3/normalized-mult_diagcomm_opt_less_teq_nbits_24-1.out 0 SATISFIABLE 3600
./output3/normalized-mult_diagcomm_opt_less_teq_nbits_27-1.out 0 SATISFIABLE 3600
./output3/normalized-mult_diagcomm_opt_less_teq_nbits_32-1.out 0 SATISFIABLE 3600
./output3/normalized-neos-1109824-1.out 378 SATISFIABLE 3600
./output3/normalized-neos-1620770-1.out 9 SATISFIABLE 3600
./output3/normalized-neos-3437289-erdre-1.out 0 OPTIMUM 0.252983
./output3/normalized-neos-631710-1.out 203 SATISFIABLE 3600
./output3/normalized-neos-859770-1.out NA UNSATISFIABLE 136.753
./output3/normalized-ns1745726-1.out NA UNSATISFIABLE 0.827843
./output3/normalized-ns1853823-1.out 44 SATISFIABLE 3600
./output3/normalized-ns903616-1.out 21 SATISFIABLE 3600
./output3/normalized-oct5.5-1.out 167 OPTIMUM 49.077
./output3/normalized-oct6.5-1.out 101 OPTIMUM 13.9677
./output3/normalized-opm2-z7-s2-1.out -6454 SATISFIABLE 3600.02
./output3/normalized-opt-market-split_5_40_1-1.out 0 OPTIMUM 113.989
./output3/normalized-opt-market-split_6_50_1-1.out 6 SATISFIABLE 3600
./output3/normalized-opt-market-split_6_50_3-1.out 4 SATISFIABLE 3600
./output3/normalized-opt-market-split_7_60_2-1.out 9 SATISFIABLE 3600
./output3/normalized-opt-market-split_8_70_1-1.out 16 SATISFIABLE 3600
./output3/normalized-opt-market-split_8_70_3-1.out 23 SATISFIABLE 3600
./output3/normalized-par32-2-1.out NA UNKNOWN 3600
./output3/normalized-pdc.r-1.out 121 SATISFIABLE 3600
./output3/normalized-ped2.G.recomb1-0.01-5-1.out 3521 OPTIMUM 1220.31
./output3/normalized-ped2.G.recomb1-0.20-12-1.out 43620 SATISFIABLE 3600
./output3/normalized-ped2.G.recomb10-0.10-8-1.out 760135 SATISFIABLE 3600.11
./output3/normalized-ped2.G.recomb10-0.20-12-1.out 570738 SATISFIABLE 3600.01
./output3/normalized-ped2.G.recomb10-0.20-13-1.out 836232 SATISFIABLE 3600
./output3/normalized-ped2.G.recomb5-0.10-9-1.out 858876 SATISFIABLE 3600.02
./output3/normalized-ped3.F.recomb10-0.01-5-1.out 7540 OPTIMUM 673.654
./output3/normalized-ped3.F.recomb10-0.20-11-1.out 4807 SATISFIABLE 3600
./output3/normalized-ped3.G.recomb10-0.01-1-1.out 217315 SATISFIABLE 3600
./output3/normalized-ped3.G.recomb10-0.01-5-1.out 84317 SATISFIABLE 3600.02
./output3/normalized-pidgin-plugin-pack.cudf.trendy-1.out 3258634294899 SATISFIABLE 3600
./output3/normalized-rand0a62b6.cudf.paranoid-1.out 6943 OPTIMUM 9.04414
./output3/normalized-rand18b530.cudf.paranoid-1.out 6563 OPTIMUM 7.28181
./output3/normalized-rand1958fb.cudf.trendy-1.out 15832587875 OPTIMUM 71.9356
./output3/normalized-rand362510.cudf.paranoid-1.out 1964 OPTIMUM 10.2471
./output3/normalized-rand49e642.cudf.trendy-1.out 39641230 OPTIMUM 70.7394
./output3/normalized-rand5c0b12.cudf.paranoid-1.out NA UNSATISFIABLE 0.0926612
./output3/normalized-rand88811a.cudf.paranoid-1.out 2256 OPTIMUM 47.901
./output3/normalized-rand936b0d.cudf.trendy-1.out NA UNSATISFIABLE 0.051302
./output3/normalized-randa13f2d.cudf.paranoid-1.out 2477 OPTIMUM 51.6911
./output3/normalized-randaefc7c.cudf.trendy-1.out 394243446 OPTIMUM 12.4019
./output3/normalized-rmine15-1.out -182456342 SATISFIABLE 3600.04
./output3/normalized-s3-3-3-2pb-1.out 36 OPTIMUM 0.0104421
./output3/normalized-s3-3-3-4pb-1.out 36 OPTIMUM 0.00812426
./output3/normalized-s3-3-3-5pb-1.out 34 OPTIMUM 0.00853839
./output3/normalized-s4-4-3-1pb-1.out 62 OPTIMUM 0.691853
./output3/normalized-s4-4-3-2pb-1.out 64 OPTIMUM 2.10837
./output3/normalized-s4-4-3-4pb-1.out 60 OPTIMUM 1.9598
./output3/normalized-s4-4-3-5pb-1.out 60 OPTIMUM 0.257502
./output3/normalized-s4-4-3-6pb-1.out 66 OPTIMUM 1.1067
./output3/normalized-s4-4-3-8pb-1.out 36 OPTIMUM 0.146742
./output3/normalized-s4-4-3-9pb-1.out 68 OPTIMUM 0.635573
./output3/normalized-sbox_4_shg-1.out 22 OPTIMUM 13.2882
./output3/normalized-sbox_8_shg-1.out 684 SATISFIABLE 3600.54
./output3/normalized-sep4.5-1.out NA UNSATISFIABLE 1.71492
./output3/normalized-sep6.5-1.out 48 SATISFIABLE 3600.13
./output3/normalized-simp-nonunif-100_100.02-1.out 44 OPTIMUM 8.90827
./output3/normalized-simp-nonunif-100_100.07-1.out 37 OPTIMUM 8.12401
./output3/normalized-simp-nonunif-100_100.10-1.out 49 OPTIMUM 53.9013
./output3/normalized-simp-nonunif-100_100.11-1.out 38 OPTIMUM 16.9249
./output3/normalized-simp-nonunif-100_100.12-1.out 41 OPTIMUM 9.40208
./output3/normalized-simp-nonunif-100_100.14-1.out 42 OPTIMUM 9.72944
./output3/normalized-simp-unif-100_100.00-1.out 34 OPTIMUM 104.87
./output3/normalized-simp-unif-100_100.08-1.out 34 OPTIMUM 29.6478
./output3/normalized-single-obj-f1-DataDisplay_0_order4.seq-A-3-2-irabcde-1.out 5873715 OPTIMUM 0.0144033
./output3/normalized-single-obj-f14-DC2Loss.seq-A-2-combined-abcdeir-1.out 139840229 OPTIMUM 0.048812
./output3/normalized-single-obj-f26-ACDoubleLoss.seq-A-2-combined-abcdeir-1.out 37833 OPTIMUM 0.00570811
./output3/normalized-single-obj-f27-DC2Loss.seq-A-2-1-irabcde-1.out 737472 OPTIMUM 0.0051163
./output3/normalized-single-obj-f27-DC2Loss.seq-B-2-combined-irabcde-1.out 721792 OPTIMUM 0.0056939
./output3/normalized-single-obj-f35-AC_Side2.seq-B-2-combined-EDCBAir-1.out -81068948 OPTIMUM 0.156758
./output3/normalized-single-obj-f37-AC_TotalLoss.seq-B-3-1-irEDCBA-1.out 6872712975 OPTIMUM 4.56473
./output3/normalized-single-obj-f54-DCTotalLoss.seq-B-3-combined-EDCBAir-1.out -3789806 OPTIMUM 0.0435616
./output3/normalized-single-obj-f58-fob_fxl_loss.seq-B-3-2-irEDCBA-1.out 12517563546 SATISFIABLE 3600
./output3/normalized-single-obj-f6-ACTotalLoss.seq-A-2-2-irEDCBA-1.out 4208467707 OPTIMUM 112.447
./output3/normalized-sp97ar-1.out 1801052 SATISFIABLE 3600
./output3/normalized-sporttournament08.lin-1.out -12 OPTIMUM 0.119129
./output3/normalized-sporttournament50.lin-1.out -304 SATISFIABLE 3600
./output3/normalized-ss97-2-1.out 1026 SATISFIABLE 3600.05
./output3/normalized-ss97-4-1.out 813 OPTIMUM 132.32
./output3/normalized-ss97-6-1.out 304 OPTIMUM 0.0184393
./output3/normalized-ssa7552-038-1.out 1448 OPTIMUM 731.73
./output3/normalized-stp3d-1.out NA UNKNOWN 3600
./output3/normalized-vertexcover_opt_grid_evenrowoddcolsquare_dim_100-1.out 6568 SATISFIABLE 3600.05
./output3/normalized-vertexcover_opt_grid_evenrowoddcolsquare_dim_160-1.out 17401 SATISFIABLE 3600
./output3/normalized-vertexcover_opt_grid_oddrowevencolsquare_dim_072-1.out 3235 SATISFIABLE 3600
./output3/normalized-vertexcover_opt_grid_oddrowevencolsquare_dim_076-1.out 3660 SATISFIABLE 3600
./output3/normalized-vtxcov_v2000_e4000_0.opb.PB06-1.out 1107 SATISFIABLE 3600
./output3/normalized-vtxcov_v2000_e4000_1.opb.PB06-1.out 1111 SATISFIABLE 3600.03
./output3/normalized-vtxcov_v2000_e4000_11.opb.PB06-1.out 1128 SATISFIABLE 3600.01
./output3/normalized-vtxcov_v2000_e4000_12.opb.PB06-1.out 1104 SATISFIABLE 3600.01
./output3/normalized-vtxcov_v2000_e4000_21.opb.PB06-1.out 1114 SATISFIABLE 3600
./output3/normalized-vtxcov_v2000_e4000_34.opb.PB06-1.out 1088 SATISFIABLE 3600.01
./output3/normalized-vtxcov_v2000_e4000_43.opb.PB06-1.out 1101 SATISFIABLE 3600
./output3/normalized-vtxcov_v2000_e4000_5.opb.PB06-1.out 1108 SATISFIABLE 3600.03
./output3/normalized-vtxcov_v2000_e4000_6.opb.PB06-1.out 1110 SATISFIABLE 3600
./output3/normalized-vtxcov_v2000_e4000_7.opb.PB06-1.out 1097 SATISFIABLE 3600.02
./output3/normalized-wnq_n100_mw99_0.opb.PB06-1.out 2918 SATISFIABLE 3600
./output3/normalized-wnq_n100_mw99_1.opb.PB06-1.out 3803 SATISFIABLE 3600.01
./output3/normalized-wnq_n100_mw99_10.opb.PB06-1.out 3182 SATISFIABLE 3600.05
./output3/normalized-wnq_n100_mw99_11.opb.PB06-1.out 3835 SATISFIABLE 3600
./output3/normalized-wnq_n100_mw99_13.opb.PB06-1.out 4307 SATISFIABLE 3600
./output3/normalized-wnq_n100_mw99_2.opb.PB06-1.out 4295 SATISFIABLE 3600
./output3/normalized-wnq_n100_mw99_5.opb.PB06-1.out 4095 SATISFIABLE 3600
./output3/normalized-wnq_n100_mw99_7.opb.PB06-1.out 3147 SATISFIABLE 3600
./output3/normalized-wnq_n100_mw99_8.opb.PB06-1.out 3217 SATISFIABLE 3600
./output3/normalized-wnq_n100_mw99_9.opb.PB06-1.out 3676 SATISFIABLE 3600.01
./output3/normalized-ws97-3-1.out 3031 SATISFIABLE 3600
./output3/normalized-ws97-5-1.out 2642 SATISFIABLE 3600
